Build started 6/4/2018 3:26:48 AM.
     1>Project "G:\GitHub\Cinder-ParticleSystem\vc2013\CinderProject1.vcxproj" on node 2 (Build target(s)).
     1>ClCompile:
         D:\Program Files (x86)\Microsoft Visual Studio 12.0\VC\bin\CL.exe /c /I..\include /I..\..\..\..\cinder_0.9.1_vc2013\include /Zi /nologo /W3 /WX- /MP /O2 /Oy- /D WIN32 /D _WIN32_WINNT=0x0601 /D _WINDOWS /D NOMINMAX /D NDEBUG /D _UNICODE /D UNICODE /Gm- /EHsc /MT /GS /fp:precise /Zc:wchar_t /Zc:forScope /Fo"G:\GitHub\Cinder-ParticleSystem\vc2013\build\Win32\Release\intermediate\\" /Fd"G:\GitHub\Cinder-ParticleSystem\vc2013\build\Win32\Release\intermediate\vc120.pdb" /Gd /TP /analyze- /errorReport:prompt ..\src\CinderProject1App.cpp
         CinderProject1App.cpp
     1>..\src\CinderProject1App.cpp(44): warning C4305: 'argument' : truncation from 'double' to 'float'
     1>..\src\CinderProject1App.cpp(55): warning C4305: 'argument' : truncation from 'double' to 'float'
     1>..\src\CinderProject1App.cpp(60): warning C4305: 'argument' : truncation from 'double' to 'float'
     1>..\src\CinderProject1App.cpp(60): warning C4244: 'argument' : conversion from 'int' to 'float', possible loss of data
     1>..\src\CinderProject1App.cpp(94): warning C4244: 'argument' : conversion from 'int' to 'float', possible loss of data
     1>..\src\CinderProject1App.cpp(95): warning C4244: 'argument' : conversion from 'int' to 'float', possible loss of data
       ResourceCompile:
         C:\Program Files (x86)\Windows Kits\8.1\bin\x86\rc.exe /D _UNICODE /D UNICODE /l"0x0409" /I..\..\..\..\cinder_0.9.1_vc2013\include /I..\include /nologo /fo"G:\GitHub\Cinder-ParticleSystem\vc2013\build\Win32\Release\intermediate\Resources.res" Resources.rc 
       Link:
         D:\Program Files (x86)\Microsoft Visual Studio 12.0\VC\bin\link.exe /ERRORREPORT:PROMPT /OUT:"G:\GitHub\Cinder-ParticleSystem\vc2013\build\Win32\Release\CinderProject1.exe" /INCREMENTAL:NO /NOLOGO /LIBPATH:..\..\..\..\cinder_0.9.1_vc2013\lib\msw\x86 /LIBPATH:..\..\..\..\cinder_0.9.1_vc2013\lib\msw\x86\Release\v120\ cinder.lib OpenGL32.lib kernel32.lib user32.lib gdi32.lib winspool.lib comdlg32.lib advapi32.lib shell32.lib ole32.lib oleaut32.lib uuid.lib odbc32.lib odbccp32.lib /MANIFEST /MANIFESTUAC:"level='asInvoker' uiAccess='false'" /manifest:embed /PDB:"G:\GitHub\Cinder-ParticleSystem\vc2013\build\Win32\Release\CinderProject1.pdb" /MAP /SUBSYSTEM:WINDOWS /OPT:REF /TLBID:1 /DYNAMICBASE:NO /IMPLIB:"G:\GitHub\Cinder-ParticleSystem\vc2013\build\Win32\Release\CinderProject1.lib" /MACHINE:X86 /SAFESEH "G:\GitHub\Cinder-ParticleSystem\vc2013\build\Win32\Release\intermediate\Resources.res"
         "G:\GitHub\Cinder-ParticleSystem\vc2013\build\Win32\Release\intermediate\CinderProject1App.obj"
         CinderProject1.vcxproj -> G:\GitHub\Cinder-ParticleSystem\vc2013\build\Win32\Release\CinderProject1.exe
     1>Done Building Project "G:\GitHub\Cinder-ParticleSystem\vc2013\CinderProject1.vcxproj" (Build target(s)).

Build succeeded.

Time Elapsed 00:00:10.60
